<?xml version="1.0" encoding="UTF-8"?>
<!-- Generated by org.testng.reporters.JUnitXMLReporter -->
<testsuite ignored="0" hostname="DESKTOP-1B2CC5A" failures="2" tests="6" name="Test" time="0.257" errors="0" timestamp="2022-12-01T16:23:42 IST">
  <testcase classname="listener.MyTesting1" name="C" time="0.033">
    <failure type="java.lang.AssertionError" message="null">
      <![CDATA[java.lang.AssertionError: null
at listener.MyTesting1.C(MyTesting1.java:24)
at java.base/java.util.ArrayList.forEach(ArrayList.java:1541)
... Removed 29 stack frames]]>
    </failure>
  </testcase> <!-- C -->
  <testcase classname="listener.MyTesting1" name="A" time="0.005"/>
  <testcase classname="listener.MyTesting1" name="B" time="0.0">
    <skipped/>
  </testcase> <!-- B -->
  <testcase classname="listener.MyTesting2" name="D" time="0.006"/>
  <testcase classname="listener.MyTesting2" name="F" time="0.003">
    <failure type="java.lang.AssertionError" message="null">
      <![CDATA[java.lang.AssertionError: null
at listener.MyTesting2.F(MyTesting2.java:25)
at java.base/java.util.ArrayList.forEach(ArrayList.java:1541)
... Removed 29 stack frames]]>
    </failure>
  </testcase> <!-- F -->
  <testcase classname="listener.MyTesting2" name="E" time="0.0">
    <skipped/>
  </testcase> <!-- E -->
</testsuite> <!-- Test -->
